{"level":"info","message":"Server is up and running on port 5000","timestamp":"2019-10-08T15:52:47.827Z"}
{"level":"error","message":"Failed to connect to db. connect ECONNREFUSED 127.0.0.1:27017","timestamp":"2019-10-08T15:52:47.854Z"}
{"level":"info","message":"Server is up and running on port 5000","timestamp":"2019-10-08T15:54:49.105Z"}
{"level":"error","message":"Failed to connect to db. connect ECONNREFUSED 127.0.0.1:27017","timestamp":"2019-10-08T15:54:50.921Z"}
{"level":"info","message":"Server is up and running on port 5000","timestamp":"2019-10-08T15:54:53.767Z"}
{"level":"error","message":"Failed to connect to db. connect ECONNREFUSED 127.0.0.1:27017","timestamp":"2019-10-08T15:54:53.787Z"}
{"level":"info","message":"Server is up and running on port 5000","timestamp":"2019-10-08T17:30:55.268Z"}
{"level":"info","message":"Connection to database established","timestamp":"2019-10-08T17:30:56.723Z"}
{"level":"info","message":"Server is up and running on port 5000","timestamp":"2019-10-08T17:31:07.199Z"}
{"level":"info","message":"Connection to database established","timestamp":"2019-10-08T17:31:07.253Z"}
{"level":"info","message":"Server is up and running on port 5000","timestamp":"2019-10-08T17:32:09.267Z"}
{"level":"info","message":"Connection to database established","timestamp":"2019-10-08T17:32:09.316Z"}
{"level":"info","message":"Server is up and running on port 5000","timestamp":"2019-10-08T17:32:11.327Z"}
{"level":"info","message":"Connection to database established","timestamp":"2019-10-08T17:32:11.377Z"}
{"level":"info","message":"Server is up and running on port 5000","timestamp":"2019-10-08T17:32:16.301Z"}
{"level":"info","message":"Connection to database established","timestamp":"2019-10-08T17:32:16.742Z"}
{"level":"info","message":"Server is up and running on port 5000","timestamp":"2019-10-08T17:32:19.138Z"}
{"level":"info","message":"Connection to database established","timestamp":"2019-10-08T17:32:19.398Z"}
{"level":"info","message":"Server is up and running on port 5000","timestamp":"2019-10-08T17:32:26.124Z"}
{"level":"info","message":"Connection to database established","timestamp":"2019-10-08T17:32:26.171Z"}
{"level":"info","message":"Server is up and running on port 5000","timestamp":"2019-10-08T17:32:34.909Z"}
{"level":"info","message":"Server is up and running on port 5000","timestamp":"2019-10-08T17:32:36.537Z"}
{"level":"info","message":"Connection to database established","timestamp":"2019-10-08T17:32:36.819Z"}
{"level":"info","message":"Server is up and running on port 5000","timestamp":"2019-10-08T17:32:47.726Z"}
{"level":"info","message":"Connection to database established","timestamp":"2019-10-08T17:32:47.772Z"}
{"level":"info","message":"Server is up and running on port 5000","timestamp":"2019-10-08T17:32:53.193Z"}
{"level":"info","message":"Connection to database established","timestamp":"2019-10-08T17:32:53.679Z"}
{"level":"info","message":"Server is up and running on port 5000","timestamp":"2019-10-08T17:32:56.221Z"}
{"level":"info","message":"Connection to database established","timestamp":"2019-10-08T17:32:56.510Z"}
{"level":"info","message":"Server is up and running on port 5000","timestamp":"2019-10-08T17:32:59.195Z"}
{"level":"info","message":"Connection to database established","timestamp":"2019-10-08T17:32:59.944Z"}
{"level":"info","message":"Server is up and running on port 5000","timestamp":"2019-10-08T17:33:01.152Z"}
{"level":"info","message":"Connection to database established","timestamp":"2019-10-08T17:33:01.890Z"}
{"level":"info","message":"Server is up and running on port 5000","timestamp":"2019-10-08T17:33:10.120Z"}
{"level":"info","message":"Connection to database established","timestamp":"2019-10-08T17:33:12.314Z"}
{"level":"info","message":"Server is up and running on port 5000","timestamp":"2019-10-08T17:33:15.726Z"}
{"level":"info","message":"Connection to database established","timestamp":"2019-10-08T17:33:15.774Z"}
{"level":"info","message":"Server is up and running on port 5000","timestamp":"2019-10-08T17:33:19.215Z"}
{"level":"info","message":"Connection to database established","timestamp":"2019-10-08T17:33:19.273Z"}
{"level":"info","message":"Server is up and running on port 5000","timestamp":"2019-10-08T17:41:45.368Z"}
{"level":"info","message":"Connection to database established","timestamp":"2019-10-08T17:41:45.939Z"}
{"level":"info","message":"Server is up and running on port 5000","timestamp":"2019-10-08T17:41:53.101Z"}
{"level":"error","message":"Failed to connect to db. Invalid connection string","timestamp":"2019-10-08T17:41:53.103Z"}
{"level":"info","message":"Server is up and running on port 5000","timestamp":"2019-10-08T17:42:06.614Z"}
{"level":"info","message":"Connection to database established","timestamp":"2019-10-08T17:42:06.658Z"}
{"level":"info","message":"Server is up and running on port 5000","timestamp":"2019-10-08T17:43:12.826Z"}
{"level":"info","message":"Connection to database established","timestamp":"2019-10-08T17:43:13.331Z"}
{"level":"info","message":"Server is up and running on port 5000","timestamp":"2019-10-08T17:43:45.202Z"}
{"level":"error","message":"Failed to connect to db. Invalid connection string","timestamp":"2019-10-08T17:43:45.205Z"}
{"level":"info","message":"Server is up and running on port 5000","timestamp":"2019-10-08T17:43:49.461Z"}
{"level":"error","message":"Failed to connect to db. Invalid connection string","timestamp":"2019-10-08T17:43:49.462Z"}
{"level":"info","message":"Server is up and running on port 5000","timestamp":"2019-10-08T17:43:53.956Z"}
{"level":"error","message":"Failed to connect to db. Invalid connection string","timestamp":"2019-10-08T17:43:53.958Z"}
{"level":"info","message":"Server is up and running on port 5000","timestamp":"2019-10-08T17:43:55.152Z"}
{"level":"info","message":"Connection to database established","timestamp":"2019-10-08T17:43:55.975Z"}
{"level":"info","message":"Server is up and running on port 5000","timestamp":"2019-10-08T17:44:46.261Z"}
{"level":"info","message":"Connection to database established","timestamp":"2019-10-08T17:44:47.967Z"}
{"level":"info","message":"Server is up and running on port 5000","timestamp":"2019-10-08T17:44:49.291Z"}
{"level":"error","message":"Failed to connect to db. Invalid connection string","timestamp":"2019-10-08T17:44:49.293Z"}
{"level":"info","message":"Server is up and running on port 5000","timestamp":"2019-10-08T17:44:52.910Z"}
{"level":"error","message":"Failed to connect to db. Authentication failed.","timestamp":"2019-10-08T17:44:54.215Z"}
{"level":"info","message":"Server is up and running on port 5000","timestamp":"2019-10-08T17:45:40.300Z"}
{"level":"info","message":"Connection to database established","timestamp":"2019-10-08T17:45:41.846Z"}
{"level":"info","message":"Server is up and running on port 5000","timestamp":"2019-10-08T17:49:33.819Z"}
{"level":"info","message":"Connection to database established","timestamp":"2019-10-08T17:49:34.309Z"}
{"level":"info","message":"Server is up and running on port 5000","timestamp":"2019-10-08T17:50:10.113Z"}
{"level":"info","message":"Connection to database established","timestamp":"2019-10-08T17:50:10.403Z"}
{"level":"info","message":"Server is up and running on port 5000","timestamp":"2019-10-08T17:51:13.433Z"}
{"level":"info","message":"Server is up and running on port 5000","timestamp":"2019-10-08T17:51:15.401Z"}
{"level":"info","message":"Connection to database established","timestamp":"2019-10-08T17:51:16.183Z"}
{"level":"info","message":"Server is up and running on port 5000","timestamp":"2019-10-08T17:52:02.725Z"}
{"level":"info","message":"Connection to database established","timestamp":"2019-10-08T17:52:02.758Z"}
{"level":"info","message":"Server is up and running on port 5000","timestamp":"2019-10-08T17:52:08.398Z"}
{"level":"info","message":"Connection to database established","timestamp":"2019-10-08T17:52:08.434Z"}
{"level":"info","message":"Server is up and running on port 5000","timestamp":"2019-10-08T17:52:10.072Z"}
{"level":"info","message":"Connection to database established","timestamp":"2019-10-08T17:52:10.109Z"}
{"level":"info","message":"Server is up and running on port 5000","timestamp":"2019-10-08T17:52:12.309Z"}
{"level":"info","message":"Connection to database established","timestamp":"2019-10-08T17:52:12.346Z"}
{"level":"info","message":"Server is up and running on port 5000","timestamp":"2019-10-08T17:52:15.952Z"}
{"level":"info","message":"Connection to database established","timestamp":"2019-10-08T17:52:15.987Z"}
{"level":"info","message":"Server is up and running on port 5000","timestamp":"2019-10-08T17:52:17.359Z"}
{"level":"info","message":"Connection to database established","timestamp":"2019-10-08T17:52:17.393Z"}
{"level":"info","message":"Server is up and running on port 5000","timestamp":"2019-10-08T17:52:19.287Z"}
{"level":"info","message":"Connection to database established","timestamp":"2019-10-08T17:52:19.329Z"}
{"level":"info","message":"Server is up and running on port 5000","timestamp":"2019-10-08T17:52:21.558Z"}
{"level":"info","message":"Connection to database established","timestamp":"2019-10-08T17:52:21.591Z"}
{"level":"info","message":"Server is up and running on port 5000","timestamp":"2019-10-08T17:52:24.427Z"}
{"level":"info","message":"Connection to database established","timestamp":"2019-10-08T17:52:24.461Z"}
{"level":"info","message":"Server is up and running on port 5000","timestamp":"2019-10-08T17:52:31.240Z"}
{"level":"info","message":"Connection to database established","timestamp":"2019-10-08T17:52:31.278Z"}
{"level":"info","message":"Server is up and running on port 5000","timestamp":"2019-10-08T17:52:32.683Z"}
{"level":"info","message":"Connection to database established","timestamp":"2019-10-08T17:52:32.717Z"}
{"level":"info","message":"Server is up and running on port 5000","timestamp":"2019-10-08T17:52:36.369Z"}
{"level":"info","message":"Connection to database established","timestamp":"2019-10-08T17:52:36.419Z"}
{"level":"info","message":"Server is up and running on port 5000","timestamp":"2019-10-08T17:52:53.570Z"}
{"level":"info","message":"Connection to database established","timestamp":"2019-10-08T17:52:53.596Z"}
{"level":"info","message":"Server is up and running on port 5000","timestamp":"2019-10-08T17:53:47.525Z"}
{"level":"info","message":"Server is up and running on port 5000","timestamp":"2019-10-08T17:53:54.867Z"}
{"level":"info","message":"Connection to database established","timestamp":"2019-10-08T17:53:55.059Z"}
{"level":"info","message":"Server is up and running on port 5000","timestamp":"2019-10-08T17:54:06.316Z"}
{"level":"info","message":"Connection to database established","timestamp":"2019-10-08T17:54:06.344Z"}
{"level":"info","message":"Server is up and running on port 5000","timestamp":"2019-10-08T17:54:13.161Z"}
{"level":"info","message":"Connection to database established","timestamp":"2019-10-08T17:54:13.191Z"}
{"level":"info","message":"Server is up and running on port 5000","timestamp":"2019-10-08T17:54:28.753Z"}
{"level":"info","message":"Server is up and running on port 5000","timestamp":"2019-10-08T17:55:05.429Z"}
{"level":"info","message":"Connection to database established","timestamp":"2019-10-08T17:55:05.880Z"}
{"level":"info","message":"Server is up and running on port 5000","timestamp":"2019-10-08T17:55:31.107Z"}
{"level":"info","message":"Connection to database established","timestamp":"2019-10-08T17:55:31.717Z"}
{"level":"info","message":"Server is up and running on port 5000","timestamp":"2019-10-08T17:55:50.122Z"}
{"level":"info","message":"Server is up and running on port 5000","timestamp":"2019-10-08T17:56:24.799Z"}
{"level":"info","message":"Server is up and running on port 5000","timestamp":"2019-10-08T17:56:26.723Z"}
{"level":"info","message":"Server is up and running on port 5000","timestamp":"2019-10-08T17:56:54.370Z"}
{"level":"info","message":"Server is up and running on port 5000","timestamp":"2019-10-08T17:57:27.156Z"}
{"level":"info","message":"Connection to database established","timestamp":"2019-10-08T17:57:27.187Z"}
{"level":"info","message":"Server is up and running on port 5000","timestamp":"2019-10-08T17:57:29.977Z"}
{"level":"info","message":"Connection to database established","timestamp":"2019-10-08T17:57:30.009Z"}
{"level":"info","message":"Server is up and running on port 5000","timestamp":"2019-10-08T17:57:37.805Z"}
{"level":"info","message":"Server is up and running on port 5000","timestamp":"2019-10-08T17:57:52.421Z"}
{"level":"info","message":"Connection to database established","timestamp":"2019-10-08T17:57:52.460Z"}
{"level":"info","message":"Server is up and running on port 5000","timestamp":"2019-10-08T17:58:08.404Z"}
{"level":"info","message":"Connection to database established","timestamp":"2019-10-08T17:58:08.452Z"}
{"level":"info","message":"Server is up and running on port 5000","timestamp":"2019-10-08T17:58:39.814Z"}
{"level":"info","message":"Connection to database established","timestamp":"2019-10-08T17:58:39.848Z"}
{"level":"info","message":"Server is up and running on port 5000","timestamp":"2019-10-08T17:58:59.447Z"}
{"level":"info","message":"Connection to database established","timestamp":"2019-10-08T17:59:00.305Z"}
{"level":"info","message":"Server is up and running on port 5000","timestamp":"2019-10-08T17:59:14.197Z"}
{"level":"info","message":"Connection to database established","timestamp":"2019-10-08T17:59:14.230Z"}
{"level":"info","message":"Server is up and running on port 5000","timestamp":"2019-10-08T18:00:05.683Z"}
{"level":"info","message":"Connection to database established","timestamp":"2019-10-08T18:00:05.715Z"}
{"level":"info","message":"Server is up and running on port 5000","timestamp":"2019-10-08T18:00:09.452Z"}
{"level":"info","message":"Server is up and running on port 5000","timestamp":"2019-10-08T18:00:13.788Z"}
{"level":"info","message":"Connection to database established","timestamp":"2019-10-08T18:00:14.176Z"}
{"level":"info","message":"Server is up and running on port 5000","timestamp":"2019-10-08T18:00:17.461Z"}
{"level":"info","message":"Server is up and running on port 5000","timestamp":"2019-10-08T18:00:19.229Z"}
{"level":"info","message":"Server is up and running on port 5000","timestamp":"2019-10-08T18:00:22.724Z"}
{"level":"info","message":"Server is up and running on port 5000","timestamp":"2019-10-08T18:00:26.429Z"}
{"level":"info","message":"Server is up and running on port 5000","timestamp":"2019-10-08T18:00:27.986Z"}
{"level":"info","message":"Server is up and running on port 5000","timestamp":"2019-10-08T18:00:31.092Z"}
{"level":"info","message":"Server is up and running on port 5000","timestamp":"2019-10-08T18:00:32.342Z"}
{"level":"info","message":"Server is up and running on port 5000","timestamp":"2019-10-08T18:00:34.682Z"}
{"level":"info","message":"Connection to database established","timestamp":"2019-10-08T18:00:34.710Z"}
{"level":"info","message":"Server is up and running on port 5000","timestamp":"2019-10-08T18:00:44.272Z"}
{"level":"info","message":"Connection to database established","timestamp":"2019-10-08T18:00:44.307Z"}
{"level":"info","message":"Server is up and running on port 5000","timestamp":"2019-10-08T18:00:47.989Z"}
{"level":"info","message":"Connection to database established","timestamp":"2019-10-08T18:00:48.021Z"}
{"level":"info","message":"Server is up and running on port 5000","timestamp":"2019-10-08T18:00:50.691Z"}
{"level":"info","message":"Connection to database established","timestamp":"2019-10-08T18:00:50.729Z"}
{"level":"info","message":"Server is up and running on port 5000","timestamp":"2019-10-08T18:00:52.796Z"}
{"level":"info","message":"Connection to database established","timestamp":"2019-10-08T18:00:52.825Z"}
{"level":"info","message":"Server is up and running on port 5000","timestamp":"2019-10-08T18:00:54.184Z"}
{"level":"info","message":"Connection to database established","timestamp":"2019-10-08T18:00:54.219Z"}
{"level":"info","message":"Server is up and running on port 5000","timestamp":"2019-10-08T18:00:58.215Z"}
{"level":"info","message":"Connection to database established","timestamp":"2019-10-08T18:00:58.253Z"}
{"level":"info","message":"Server is up and running on port 5000","timestamp":"2019-10-08T18:01:55.311Z"}
{"level":"info","message":"Connection to database established","timestamp":"2019-10-08T18:01:56.075Z"}
{"level":"info","message":"Server is up and running on port 5000","timestamp":"2019-10-08T18:02:03.946Z"}
{"level":"info","message":"Connection to database established","timestamp":"2019-10-08T18:02:03.978Z"}
{"level":"info","message":"Server is up and running on port 5000","timestamp":"2019-10-08T18:02:08.702Z"}
{"level":"info","message":"Connection to database established","timestamp":"2019-10-08T18:02:08.734Z"}
{"level":"info","message":"Server is up and running on port 5000","timestamp":"2019-10-08T18:02:44.715Z"}
{"level":"info","message":"Server is up and running on port 5000","timestamp":"2019-10-08T18:03:32.156Z"}
{"level":"info","message":"Connection to database established","timestamp":"2019-10-08T18:03:32.189Z"}
{"level":"info","message":"Server is up and running on port 5000","timestamp":"2019-10-08T18:03:37.418Z"}
{"level":"info","message":"Connection to database established","timestamp":"2019-10-08T18:03:37.584Z"}
{"level":"info","message":"Server is up and running on port 5000","timestamp":"2019-10-08T18:05:24.743Z"}
{"level":"info","message":"Server is up and running on port 5000","timestamp":"2019-10-08T18:05:50.166Z"}
{"level":"info","message":"Connection to database established","timestamp":"2019-10-08T18:05:50.830Z"}
{"level":"info","message":"Server is up and running on port 5000","timestamp":"2019-10-08T18:05:57.131Z"}
{"level":"info","message":"Connection to database established","timestamp":"2019-10-08T18:05:57.168Z"}
{"level":"info","message":"Server is up and running on port 5000","timestamp":"2019-10-08T18:06:01.629Z"}
{"level":"info","message":"Connection to database established","timestamp":"2019-10-08T18:06:01.658Z"}
{"level":"info","message":"Server is up and running on port 5000","timestamp":"2019-10-08T18:07:06.088Z"}
{"level":"info","message":"Connection to database established","timestamp":"2019-10-08T18:07:06.129Z"}
{"level":"info","message":"Server is up and running on port 5000","timestamp":"2019-10-08T18:07:09.059Z"}
{"level":"info","message":"Connection to database established","timestamp":"2019-10-08T18:07:09.094Z"}
{"level":"info","message":"Server is up and running on port 5000","timestamp":"2019-10-08T18:07:25.941Z"}
{"level":"info","message":"Connection to database established","timestamp":"2019-10-08T18:07:27.200Z"}
{"level":"info","message":"Server is up and running on port 5000","timestamp":"2019-10-08T18:07:29.016Z"}
{"level":"info","message":"Connection to database established","timestamp":"2019-10-08T18:07:29.695Z"}
{"level":"info","message":"Server is up and running on port 5000","timestamp":"2019-10-08T18:07:38.133Z"}
{"level":"info","message":"Connection to database established","timestamp":"2019-10-08T18:07:38.162Z"}
{"level":"info","message":"Server is up and running on port 5000","timestamp":"2019-10-08T18:07:39.962Z"}
{"level":"info","message":"Connection to database established","timestamp":"2019-10-08T18:07:39.993Z"}
{"level":"info","message":"Server is up and running on port 5000","timestamp":"2019-10-08T18:08:49.181Z"}
{"level":"info","message":"Connection to database established","timestamp":"2019-10-08T18:08:49.210Z"}
{"level":"info","message":"Server is up and running on port 5000","timestamp":"2019-10-08T20:32:43.430Z"}
{"level":"info","message":"Connection to database established","timestamp":"2019-10-08T20:32:44.824Z"}
{"level":"info","message":"Server is up and running on port 5000","timestamp":"2019-10-08T20:51:20.843Z"}
{"level":"info","message":"Connection to database established","timestamp":"2019-10-08T20:51:22.254Z"}
{"level":"info","message":"Server is up and running on port 5000","timestamp":"2019-10-08T20:51:25.237Z"}
{"level":"info","message":"Server is up and running on port 5000","timestamp":"2019-10-08T20:51:26.648Z"}
{"level":"info","message":"Server is up and running on port 5000","timestamp":"2019-10-08T20:51:28.323Z"}
{"level":"info","message":"Server is up and running on port 5000","timestamp":"2019-10-08T20:51:30.183Z"}
{"level":"info","message":"Server is up and running on port 5000","timestamp":"2019-10-08T20:51:31.438Z"}
{"level":"info","message":"Connection to database established","timestamp":"2019-10-08T20:51:32.802Z"}
{"level":"info","message":"Server is up and running on port 5000","timestamp":"2019-10-08T20:51:36.845Z"}
{"level":"info","message":"Server is up and running on port 5000","timestamp":"2019-10-08T20:51:38.821Z"}
{"level":"info","message":"Server is up and running on port 5000","timestamp":"2019-10-08T20:51:40.329Z"}
{"level":"info","message":"Connection to database established","timestamp":"2019-10-08T20:51:41.642Z"}
{"level":"info","message":"Server is up and running on port 5000","timestamp":"2019-10-08T21:05:00.208Z"}
{"level":"info","message":"Connection to database established","timestamp":"2019-10-08T21:05:03.165Z"}
{"level":"info","message":"Server is up and running on port 5000","timestamp":"2019-10-08T21:16:39.760Z"}
{"level":"info","message":"Connection to database established","timestamp":"2019-10-08T21:16:41.091Z"}
{"level":"info","message":"Server is up and running on port 5000","timestamp":"2019-10-08T21:16:51.902Z"}
{"level":"info","message":"Server is up and running on port 5000","timestamp":"2019-10-08T21:16:53.289Z"}
{"level":"info","message":"Connection to database established","timestamp":"2019-10-08T21:16:54.853Z"}
{"level":"info","message":"Server is up and running on port 5000","timestamp":"2019-10-08T21:17:15.742Z"}
{"level":"info","message":"Server is up and running on port 5000","timestamp":"2019-10-08T21:17:18.038Z"}
{"level":"info","message":"Server is up and running on port 5000","timestamp":"2019-10-08T21:17:19.345Z"}
{"level":"info","message":"Server is up and running on port 5000","timestamp":"2019-10-08T21:17:20.379Z"}
{"level":"info","message":"Server is up and running on port 5000","timestamp":"2019-10-08T21:17:21.876Z"}
{"level":"info","message":"Server is up and running on port 5000","timestamp":"2019-10-08T21:17:23.401Z"}
{"level":"info","message":"Server is up and running on port 5000","timestamp":"2019-10-08T21:17:24.446Z"}
{"level":"info","message":"Connection to database established","timestamp":"2019-10-08T21:17:25.898Z"}
{"level":"info","message":"Server is up and running on port 5000","timestamp":"2019-10-08T21:19:29.700Z"}
{"level":"info","message":"Server is up and running on port 5000","timestamp":"2019-10-08T21:19:31.360Z"}
{"level":"info","message":"Connection to database established","timestamp":"2019-10-08T21:19:32.776Z"}
{"level":"info","message":"Server is up and running on port 5000","timestamp":"2019-10-08T21:19:38.436Z"}
{"level":"info","message":"Server is up and running on port 5000","timestamp":"2019-10-08T21:19:40.400Z"}
{"level":"info","message":"Connection to database established","timestamp":"2019-10-08T21:19:41.789Z"}
{"level":"info","message":"Server is up and running on port 5000","timestamp":"2019-10-08T21:19:42.759Z"}
{"level":"info","message":"Connection to database established","timestamp":"2019-10-08T21:19:44.236Z"}
{"level":"info","message":"Server is up and running on port 5000","timestamp":"2019-10-08T21:19:46.361Z"}
{"level":"info","message":"Server is up and running on port 5000","timestamp":"2019-10-08T21:19:47.774Z"}
{"level":"info","message":"Server is up and running on port 5000","timestamp":"2019-10-08T21:19:49.016Z"}
{"level":"info","message":"Connection to database established","timestamp":"2019-10-08T21:19:50.423Z"}
{"level":"info","message":"Server is up and running on port 5000","timestamp":"2019-10-08T21:19:51.706Z"}
{"level":"info","message":"Connection to database established","timestamp":"2019-10-08T21:19:53.051Z"}
{"level":"info","message":"Server is up and running on port 5000","timestamp":"2019-10-08T21:19:54.090Z"}
{"level":"info","message":"Server is up and running on port 5000","timestamp":"2019-10-08T21:19:55.914Z"}
{"level":"info","message":"Server is up and running on port 5000","timestamp":"2019-10-08T21:19:57.200Z"}
{"level":"info","message":"Connection to database established","timestamp":"2019-10-08T21:19:58.670Z"}
{"level":"info","message":"Server is up and running on port 5000","timestamp":"2019-10-08T21:20:02.593Z"}
{"level":"info","message":"Connection to database established","timestamp":"2019-10-08T21:20:04.012Z"}
{"level":"info","message":"Server is up and running on port 5000","timestamp":"2019-10-08T21:20:06.170Z"}
{"level":"info","message":"Server is up and running on port 5000","timestamp":"2019-10-08T21:20:08.370Z"}
{"level":"info","message":"Connection to database established","timestamp":"2019-10-08T21:20:09.803Z"}
{"level":"info","message":"Server is up and running on port 5000","timestamp":"2019-10-08T21:20:11.282Z"}
{"level":"info","message":"Server is up and running on port 5000","timestamp":"2019-10-08T21:20:13.332Z"}
{"level":"info","message":"Connection to database established","timestamp":"2019-10-08T21:20:14.931Z"}
{"level":"info","message":"Server is up and running on port 5000","timestamp":"2019-10-08T21:23:54.085Z"}
{"level":"info","message":"Connection to database established","timestamp":"2019-10-08T21:23:56.848Z"}
{"level":"info","message":"Server is up and running on port 5000","timestamp":"2019-10-08T21:24:10.738Z"}
{"level":"info","message":"Server is up and running on port 5000","timestamp":"2019-10-08T21:24:12.346Z"}
{"level":"info","message":"Server is up and running on port 5000","timestamp":"2019-10-08T21:24:13.528Z"}
{"level":"info","message":"Server is up and running on port 5000","timestamp":"2019-10-08T21:24:15.300Z"}
{"level":"info","message":"Server is up and running on port 5000","timestamp":"2019-10-08T21:24:17.247Z"}
{"level":"info","message":"Connection to database established","timestamp":"2019-10-08T21:24:18.587Z"}
{"level":"info","message":"Server is up and running on port 5000","timestamp":"2019-10-08T21:24:20.663Z"}
{"level":"info","message":"Server is up and running on port 5000","timestamp":"2019-10-08T21:24:23.041Z"}
{"level":"info","message":"Server is up and running on port 5000","timestamp":"2019-10-08T21:24:24.951Z"}
{"level":"info","message":"Connection to database established","timestamp":"2019-10-08T21:24:26.611Z"}
{"level":"info","message":"Server is up and running on port 5000","timestamp":"2019-10-08T21:24:34.614Z"}
{"level":"info","message":"Connection to database established","timestamp":"2019-10-08T21:24:37.004Z"}
{"level":"info","message":"Server is up and running on port 5000","timestamp":"2019-10-08T21:24:45.437Z"}
{"level":"info","message":"Connection to database established","timestamp":"2019-10-08T21:24:47.231Z"}
{"level":"info","message":"Server is up and running on port 5000","timestamp":"2019-10-08T21:24:48.287Z"}
{"level":"info","message":"Server is up and running on port 5000","timestamp":"2019-10-08T21:24:49.585Z"}
{"level":"info","message":"Connection to database established","timestamp":"2019-10-08T21:24:51.016Z"}
{"level":"info","message":"Server is up and running on port 5000","timestamp":"2019-10-08T21:24:52.923Z"}
{"level":"info","message":"Connection to database established","timestamp":"2019-10-08T21:24:54.515Z"}
{"level":"info","message":"Server is up and running on port 5000","timestamp":"2019-10-08T21:24:57.808Z"}
{"level":"info","message":"Server is up and running on port 5000","timestamp":"2019-10-08T21:24:59.193Z"}
{"level":"info","message":"Connection to database established","timestamp":"2019-10-08T21:25:00.734Z"}
{"level":"info","message":"Server is up and running on port 5000","timestamp":"2019-10-08T21:25:01.978Z"}
{"level":"info","message":"Connection to database established","timestamp":"2019-10-08T21:25:03.428Z"}
{"level":"info","message":"Server is up and running on port 5000","timestamp":"2019-10-08T21:26:35.117Z"}
{"level":"info","message":"Connection to database established","timestamp":"2019-10-08T21:26:36.596Z"}
{"level":"info","message":"Server is up and running on port 5000","timestamp":"2019-10-08T21:27:11.008Z"}
{"level":"info","message":"Connection to database established","timestamp":"2019-10-08T21:27:12.637Z"}
{"level":"info","message":"Server is up and running on port 5000","timestamp":"2019-10-08T21:27:23.559Z"}
{"level":"info","message":"Connection to database established","timestamp":"2019-10-08T21:27:26.625Z"}
{"level":"info","message":"Server is up and running on port 5000","timestamp":"2019-10-08T21:27:28.800Z"}
{"level":"info","message":"Connection to database established","timestamp":"2019-10-08T21:27:30.124Z"}
{"level":"info","message":"Server is up and running on port 5000","timestamp":"2019-10-08T21:27:35.455Z"}
{"level":"info","message":"Connection to database established","timestamp":"2019-10-08T21:27:36.840Z"}
{"level":"info","message":"Server is up and running on port 5000","timestamp":"2019-10-08T21:27:38.432Z"}
{"level":"info","message":"Connection to database established","timestamp":"2019-10-08T21:27:39.764Z"}
{"level":"info","message":"Server is up and running on port 5000","timestamp":"2019-10-08T21:34:59.491Z"}
{"level":"info","message":"Server is up and running on port 5000","timestamp":"2019-10-08T21:35:43.663Z"}
{"level":"info","message":"Server is up and running on port 5000","timestamp":"2019-10-08T21:35:59.646Z"}
{"level":"info","message":"Server is up and running on port 5000","timestamp":"2019-10-08T21:36:02.659Z"}
{"level":"info","message":"Connection to database established","timestamp":"2019-10-08T21:36:05.345Z"}
{"level":"info","message":"Server is up and running on port 5000","timestamp":"2019-10-08T21:36:43.683Z"}
{"level":"info","message":"Connection to database established","timestamp":"2019-10-08T21:36:46.383Z"}
{"level":"info","message":"Server is up and running on port 5000","timestamp":"2019-10-08T21:36:53.920Z"}
{"level":"info","message":"Connection to database established","timestamp":"2019-10-08T21:36:55.655Z"}
{"level":"info","message":"Server is up and running on port 5000","timestamp":"2019-10-08T21:38:07.195Z"}
{"level":"error","message":"Failed to connect to db. Invalid connection string","timestamp":"2019-10-08T21:38:07.197Z"}
{"level":"info","message":"Server is up and running on port 5000","timestamp":"2019-10-08T21:38:18.145Z"}
{"level":"error","message":"Failed to connect to db. Invalid connection string","timestamp":"2019-10-08T21:38:18.147Z"}
{"level":"info","message":"Server is up and running on port 5000","timestamp":"2019-10-08T21:38:24.311Z"}
{"level":"error","message":"Failed to connect to db. Invalid connection string","timestamp":"2019-10-08T21:38:24.313Z"}
{"level":"info","message":"Server is up and running on port 5000","timestamp":"2019-10-08T21:39:39.352Z"}
{"level":"error","message":"Failed to connect to db. Invalid connection string","timestamp":"2019-10-08T21:39:39.353Z"}
{"level":"info","message":"Server is up and running on port 5000","timestamp":"2019-10-08T21:40:32.402Z"}
{"level":"error","message":"Failed to connect to db. Invalid connection string","timestamp":"2019-10-08T21:40:32.404Z"}
{"level":"info","message":"Server is up and running on port 5000","timestamp":"2019-10-08T21:41:01.985Z"}
{"level":"error","message":"Failed to connect to db. Invalid connection string","timestamp":"2019-10-08T21:41:01.987Z"}
{"level":"info","message":"Server is up and running on port 5000","timestamp":"2019-10-08T21:41:17.522Z"}
{"level":"error","message":"Failed to connect to db. Invalid connection string","timestamp":"2019-10-08T21:41:17.524Z"}
{"level":"info","message":"Server is up and running on port 5000","timestamp":"2019-10-08T21:41:18.635Z"}
{"level":"error","message":"Failed to connect to db. Invalid connection string","timestamp":"2019-10-08T21:41:18.637Z"}
{"level":"info","message":"Server is up and running on port 5000","timestamp":"2019-10-08T21:43:40.043Z"}
{"level":"error","message":"Failed to connect to db. Invalid connection string","timestamp":"2019-10-08T21:43:40.044Z"}
{"level":"info","message":"Server is up and running on port 5000","timestamp":"2019-10-08T21:43:57.078Z"}
{"level":"error","message":"Failed to connect to db. Invalid connection string","timestamp":"2019-10-08T21:43:57.079Z"}
{"level":"info","message":"Server is up and running on port 5000","timestamp":"2019-10-08T21:43:59.395Z"}
{"level":"error","message":"Failed to connect to db. Invalid connection string","timestamp":"2019-10-08T21:43:59.397Z"}
{"level":"info","message":"Server is up and running on port 5000","timestamp":"2019-10-08T21:44:56.968Z"}
{"level":"error","message":"Failed to connect to db. Invalid connection string","timestamp":"2019-10-08T21:44:56.970Z"}
{"level":"info","message":"Server is up and running on port 5000","timestamp":"2019-10-08T21:45:12.334Z"}
{"level":"info","message":"Connection to database established","timestamp":"2019-10-08T21:45:12.766Z"}
{"level":"info","message":"Server is up and running on port 5000","timestamp":"2019-10-08T21:45:14.557Z"}
{"level":"info","message":"Connection to database established","timestamp":"2019-10-08T21:45:15.275Z"}
{"level":"info","message":"Server is up and running on port 5000","timestamp":"2019-10-08T21:49:22.901Z"}
{"level":"info","message":"Connection to database established","timestamp":"2019-10-08T21:49:23.349Z"}
{"level":"info","message":"Server is up and running on port 5000","timestamp":"2019-10-08T21:50:30.785Z"}
{"level":"info","message":"Connection to database established","timestamp":"2019-10-08T21:50:30.998Z"}
{"level":"info","message":"Server is up and running on port 5000","timestamp":"2019-10-08T21:51:49.316Z"}
{"level":"info","message":"Connection to database established","timestamp":"2019-10-08T21:51:49.347Z"}
{"level":"info","message":"Server is up and running on port 5000","timestamp":"2019-10-08T21:51:56.003Z"}
{"level":"info","message":"Connection to database established","timestamp":"2019-10-08T21:51:56.036Z"}
{"level":"info","message":"Server is up and running on port 5000","timestamp":"2019-10-08T21:51:58.746Z"}
{"level":"info","message":"Connection to database established","timestamp":"2019-10-08T21:51:58.778Z"}
{"level":"info","message":"Server is up and running on port 5000","timestamp":"2019-10-08T21:52:00.556Z"}
{"level":"info","message":"Connection to database established","timestamp":"2019-10-08T21:52:00.592Z"}
{"level":"info","message":"Server is up and running on port 5000","timestamp":"2019-10-08T21:52:02.856Z"}
{"level":"info","message":"Connection to database established","timestamp":"2019-10-08T21:52:02.888Z"}
{"level":"info","message":"Server is up and running on port 5000","timestamp":"2019-10-08T21:52:05.893Z"}
{"level":"info","message":"Connection to database established","timestamp":"2019-10-08T21:52:05.928Z"}
{"level":"info","message":"Server is up and running on port 5000","timestamp":"2019-10-08T21:52:07.325Z"}
{"level":"info","message":"Connection to database established","timestamp":"2019-10-08T21:52:07.358Z"}
{"level":"info","message":"Server is up and running on port 5000","timestamp":"2019-10-08T21:52:09.469Z"}
{"level":"info","message":"Connection to database established","timestamp":"2019-10-08T21:52:09.502Z"}
{"level":"info","message":"Server is up and running on port 5000","timestamp":"2019-10-08T21:52:12.911Z"}
{"level":"info","message":"Connection to database established","timestamp":"2019-10-08T21:52:12.949Z"}
{"level":"info","message":"Server is up and running on port 5000","timestamp":"2019-10-08T21:52:15.423Z"}
{"level":"info","message":"Connection to database established","timestamp":"2019-10-08T21:52:15.451Z"}
{"level":"info","message":"Server is up and running on port 5000","timestamp":"2019-10-08T21:52:16.898Z"}
{"level":"info","message":"Connection to database established","timestamp":"2019-10-08T21:52:16.930Z"}
{"level":"info","message":"Server is up and running on port 5000","timestamp":"2019-10-08T21:52:20.037Z"}
{"level":"info","message":"Connection to database established","timestamp":"2019-10-08T21:52:20.071Z"}
{"level":"info","message":"Server is up and running on port 5000","timestamp":"2019-10-08T21:52:21.608Z"}
{"level":"info","message":"Connection to database established","timestamp":"2019-10-08T21:52:21.644Z"}
{"level":"info","message":"Server is up and running on port 5000","timestamp":"2019-10-08T21:52:24.359Z"}
{"level":"info","message":"Connection to database established","timestamp":"2019-10-08T21:52:24.387Z"}
{"level":"info","message":"Server is up and running on port 5000","timestamp":"2019-10-08T21:52:36.917Z"}
{"level":"info","message":"Connection to database established","timestamp":"2019-10-08T21:52:36.950Z"}
{"level":"info","message":"Server is up and running on port 5000","timestamp":"2019-10-08T21:52:38.496Z"}
{"level":"info","message":"Connection to database established","timestamp":"2019-10-08T21:52:38.529Z"}
{"level":"info","message":"Server is up and running on port 5000","timestamp":"2019-10-08T21:52:43.448Z"}
{"level":"info","message":"Connection to database established","timestamp":"2019-10-08T21:52:43.480Z"}
{"level":"info","message":"Server is up and running on port 5000","timestamp":"2019-10-08T21:52:44.746Z"}
{"level":"info","message":"Connection to database established","timestamp":"2019-10-08T21:52:44.777Z"}
{"level":"info","message":"Server is up and running on port 5000","timestamp":"2019-10-08T21:53:33.353Z"}
{"level":"info","message":"Server is up and running on port 5000","timestamp":"2019-10-08T21:53:34.928Z"}
{"level":"info","message":"Connection to database established","timestamp":"2019-10-08T21:53:34.964Z"}
{"level":"info","message":"Server is up and running on port 5000","timestamp":"2019-10-08T21:53:38.208Z"}
{"level":"info","message":"Connection to database established","timestamp":"2019-10-08T21:53:38.247Z"}
{"level":"info","message":"Server is up and running on port 5000","timestamp":"2019-10-08T21:53:41.135Z"}
{"level":"info","message":"Connection to database established","timestamp":"2019-10-08T21:53:41.173Z"}
{"level":"info","message":"Server is up and running on port 5000","timestamp":"2019-10-08T21:53:44.350Z"}
{"level":"info","message":"Connection to database established","timestamp":"2019-10-08T21:53:44.382Z"}
{"level":"info","message":"Server is up and running on port 5000","timestamp":"2019-10-08T21:53:47.205Z"}
{"level":"info","message":"Connection to database established","timestamp":"2019-10-08T21:53:47.240Z"}
{"level":"info","message":"Server is up and running on port 5000","timestamp":"2019-10-08T21:53:52.341Z"}
{"level":"info","message":"Connection to database established","timestamp":"2019-10-08T21:53:52.373Z"}
{"level":"info","message":"Server is up and running on port 5000","timestamp":"2019-10-08T21:53:56.079Z"}
{"level":"info","message":"Connection to database established","timestamp":"2019-10-08T21:53:56.105Z"}
{"level":"info","message":"Server is up and running on port 5000","timestamp":"2019-10-08T21:53:59.011Z"}
{"level":"info","message":"Connection to database established","timestamp":"2019-10-08T21:53:59.043Z"}
{"level":"info","message":"Server is up and running on port 5000","timestamp":"2019-10-08T21:54:55.752Z"}
{"level":"info","message":"Connection to database established","timestamp":"2019-10-08T21:54:56.705Z"}
{"level":"info","message":"Server is up and running on port 5000","timestamp":"2019-10-08T21:54:57.981Z"}
{"level":"info","message":"Connection to database established","timestamp":"2019-10-08T21:54:58.018Z"}
{"level":"info","message":"Server is up and running on port 5000","timestamp":"2019-10-08T21:55:03.970Z"}
{"level":"info","message":"Connection to database established","timestamp":"2019-10-08T21:55:04.005Z"}
{"level":"info","message":"Server is up and running on port 5000","timestamp":"2019-10-08T21:55:05.480Z"}
{"level":"info","message":"Connection to database established","timestamp":"2019-10-08T21:55:05.513Z"}
{"level":"info","message":"Server is up and running on port 5000","timestamp":"2019-10-08T21:55:06.824Z"}
{"level":"info","message":"Connection to database established","timestamp":"2019-10-08T21:55:06.860Z"}
{"level":"info","message":"Server is up and running on port 5000","timestamp":"2019-10-08T21:55:11.425Z"}
{"level":"info","message":"Connection to database established","timestamp":"2019-10-08T21:55:11.461Z"}
{"level":"info","message":"Server is up and running on port 5000","timestamp":"2019-10-08T21:55:13.240Z"}
{"level":"info","message":"Connection to database established","timestamp":"2019-10-08T21:55:13.274Z"}
{"level":"info","message":"Server is up and running on port 5000","timestamp":"2019-10-08T21:55:16.426Z"}
{"level":"info","message":"Connection to database established","timestamp":"2019-10-08T21:55:16.458Z"}
{"level":"info","message":"Server is up and running on port 5000","timestamp":"2019-10-08T21:55:18.717Z"}
{"level":"info","message":"Connection to database established","timestamp":"2019-10-08T21:55:19.153Z"}
{"level":"info","message":"Server is up and running on port 5000","timestamp":"2019-10-08T21:55:21.521Z"}
{"level":"info","message":"Connection to database established","timestamp":"2019-10-08T21:55:21.554Z"}
{"level":"info","message":"Server is up and running on port 5000","timestamp":"2019-10-08T21:55:24.568Z"}
{"level":"info","message":"Connection to database established","timestamp":"2019-10-08T21:55:24.600Z"}
{"level":"info","message":"Server is up and running on port 5000","timestamp":"2019-10-08T21:55:25.968Z"}
{"level":"info","message":"Connection to database established","timestamp":"2019-10-08T21:55:25.997Z"}
{"level":"info","message":"Server is up and running on port 5000","timestamp":"2019-10-08T21:55:39.769Z"}
{"level":"info","message":"Connection to database established","timestamp":"2019-10-08T21:55:39.798Z"}
{"level":"info","message":"Server is up and running on port 5000","timestamp":"2019-10-08T21:55:42.975Z"}
{"level":"info","message":"Connection to database established","timestamp":"2019-10-08T21:55:43.007Z"}
{"level":"info","message":"Server is up and running on port 5000","timestamp":"2019-10-08T21:55:46.771Z"}
{"level":"info","message":"Connection to database established","timestamp":"2019-10-08T21:55:46.802Z"}
{"level":"info","message":"Server is up and running on port 5000","timestamp":"2019-10-08T21:56:22.629Z"}
{"level":"info","message":"Connection to database established","timestamp":"2019-10-08T21:56:22.663Z"}
{"level":"info","message":"Server is up and running on port 5000","timestamp":"2019-10-08T21:56:30.166Z"}
{"level":"info","message":"Connection to database established","timestamp":"2019-10-08T21:56:30.198Z"}
{"level":"info","message":"Server is up and running on port 5000","timestamp":"2019-10-08T22:00:41.121Z"}
{"level":"info","message":"Connection to database established","timestamp":"2019-10-08T22:00:41.473Z"}
{"level":"info","message":"Server is up and running on port 5000","timestamp":"2019-10-08T22:00:44.260Z"}
{"level":"info","message":"Server is up and running on port 5000","timestamp":"2019-10-08T22:00:47.182Z"}
{"level":"info","message":"Connection to database established","timestamp":"2019-10-08T22:00:47.223Z"}
{"level":"info","message":"Server is up and running on port 5000","timestamp":"2019-10-08T22:00:50.741Z"}
{"level":"info","message":"Connection to database established","timestamp":"2019-10-08T22:00:50.789Z"}
{"level":"info","message":"Server is up and running on port 5000","timestamp":"2019-10-08T22:00:53.979Z"}
{"level":"info","message":"Connection to database established","timestamp":"2019-10-08T22:00:54.019Z"}
{"level":"info","message":"Server is up and running on port 5000","timestamp":"2019-10-08T22:00:57.566Z"}
{"level":"info","message":"Connection to database established","timestamp":"2019-10-08T22:00:57.614Z"}
{"level":"info","message":"Server is up and running on port 5000","timestamp":"2019-10-08T22:01:00.743Z"}
{"level":"info","message":"Connection to database established","timestamp":"2019-10-08T22:01:00.784Z"}
{"level":"info","message":"Server is up and running on port 5000","timestamp":"2019-10-08T22:01:03.658Z"}
{"level":"info","message":"Connection to database established","timestamp":"2019-10-08T22:01:03.690Z"}
{"level":"info","message":"Server is up and running on port 5000","timestamp":"2019-10-08T22:01:07.379Z"}
{"level":"info","message":"Connection to database established","timestamp":"2019-10-08T22:01:07.422Z"}
{"level":"info","message":"Server is up and running on port 5000","timestamp":"2019-10-08T22:01:10.623Z"}
{"level":"info","message":"Connection to database established","timestamp":"2019-10-08T22:01:10.659Z"}
{"level":"info","message":"Server is up and running on port 5000","timestamp":"2019-10-08T22:01:16.727Z"}
{"level":"info","message":"Connection to database established","timestamp":"2019-10-08T22:01:16.761Z"}
{"level":"info","message":"Server is up and running on port 5000","timestamp":"2019-10-08T22:01:18.814Z"}
{"level":"info","message":"Connection to database established","timestamp":"2019-10-08T22:01:18.861Z"}
{"level":"info","message":"Server is up and running on port 5000","timestamp":"2019-10-08T22:01:27.414Z"}
{"level":"info","message":"Server is up and running on port 5000","timestamp":"2019-10-08T22:01:29.391Z"}
{"level":"info","message":"Connection to database established","timestamp":"2019-10-08T22:01:30.351Z"}
{"level":"info","message":"Server is up and running on port 5000","timestamp":"2019-10-08T22:01:33.173Z"}
{"level":"info","message":"Connection to database established","timestamp":"2019-10-08T22:01:33.213Z"}
{"level":"info","message":"Server is up and running on port 5000","timestamp":"2019-10-08T22:01:35.802Z"}
{"level":"info","message":"Connection to database established","timestamp":"2019-10-08T22:01:35.891Z"}
{"level":"info","message":"Server is up and running on port 5000","timestamp":"2019-10-08T22:01:37.446Z"}
{"level":"info","message":"Connection to database established","timestamp":"2019-10-08T22:01:37.487Z"}
{"level":"info","message":"Server is up and running on port 5000","timestamp":"2019-10-08T22:01:38.941Z"}
{"level":"info","message":"Connection to database established","timestamp":"2019-10-08T22:01:38.987Z"}
{"level":"info","message":"Server is up and running on port 5000","timestamp":"2019-10-08T22:01:41.908Z"}
{"level":"info","message":"Connection to database established","timestamp":"2019-10-08T22:01:41.947Z"}
{"level":"info","message":"Server is up and running on port 5000","timestamp":"2019-10-08T22:01:53.728Z"}
{"level":"info","message":"Connection to database established","timestamp":"2019-10-08T22:01:54.097Z"}
{"level":"info","message":"Server is up and running on port 5000","timestamp":"2019-10-08T22:01:58.215Z"}
{"level":"info","message":"Connection to database established","timestamp":"2019-10-08T22:01:58.727Z"}
{"level":"info","message":"Server is up and running on port 5000","timestamp":"2019-10-08T22:02:00.542Z"}
{"level":"info","message":"Connection to database established","timestamp":"2019-10-08T22:02:00.569Z"}
{"level":"info","message":"Server is up and running on port 5000","timestamp":"2019-10-08T22:02:08.345Z"}
{"level":"info","message":"Connection to database established","timestamp":"2019-10-08T22:02:08.372Z"}
{"level":"info","message":"Server is up and running on port 5000","timestamp":"2019-10-08T22:02:09.718Z"}
{"level":"info","message":"Connection to database established","timestamp":"2019-10-08T22:02:09.749Z"}
{"level":"info","message":"Server is up and running on port 5000","timestamp":"2019-10-08T22:02:14.855Z"}
{"level":"info","message":"Connection to database established","timestamp":"2019-10-08T22:02:14.897Z"}
{"level":"info","message":"Server is up and running on port 5000","timestamp":"2019-10-08T22:02:17.784Z"}
{"level":"info","message":"Connection to database established","timestamp":"2019-10-08T22:02:17.824Z"}
{"level":"info","message":"Server is up and running on port 5000","timestamp":"2019-10-08T22:02:20.127Z"}
{"level":"info","message":"Connection to database established","timestamp":"2019-10-08T22:02:20.166Z"}
{"level":"info","message":"Server is up and running on port 5000","timestamp":"2019-10-08T22:02:22.534Z"}
{"level":"info","message":"Connection to database established","timestamp":"2019-10-08T22:02:22.574Z"}
{"level":"info","message":"Server is up and running on port 5000","timestamp":"2019-10-08T22:02:25.565Z"}
{"level":"info","message":"Connection to database established","timestamp":"2019-10-08T22:02:25.615Z"}
{"level":"info","message":"Server is up and running on port 5000","timestamp":"2019-10-08T22:02:28.132Z"}
{"level":"info","message":"Connection to database established","timestamp":"2019-10-08T22:02:28.167Z"}
{"level":"info","message":"Server is up and running on port 5000","timestamp":"2019-10-08T22:02:31.220Z"}
{"level":"info","message":"Connection to database established","timestamp":"2019-10-08T22:02:31.254Z"}
{"level":"info","message":"Server is up and running on port 5000","timestamp":"2019-10-08T22:02:33.173Z"}
{"level":"info","message":"Connection to database established","timestamp":"2019-10-08T22:02:33.216Z"}
{"level":"info","message":"Server is up and running on port 5000","timestamp":"2019-10-08T22:02:35.678Z"}
{"level":"info","message":"Connection to database established","timestamp":"2019-10-08T22:02:35.724Z"}
{"level":"info","message":"Server is up and running on port 5000","timestamp":"2019-10-08T22:03:04.800Z"}
{"level":"info","message":"Server is up and running on port 5000","timestamp":"2019-10-08T22:03:07.824Z"}
{"level":"info","message":"Connection to database established","timestamp":"2019-10-08T22:03:08.358Z"}
{"level":"info","message":"Server is up and running on port 5000","timestamp":"2019-10-08T22:03:11.827Z"}
{"level":"info","message":"Connection to database established","timestamp":"2019-10-08T22:03:11.860Z"}
{"level":"info","message":"Server is up and running on port 5000","timestamp":"2019-10-08T22:03:16.515Z"}
{"level":"info","message":"Connection to database established","timestamp":"2019-10-08T22:03:16.547Z"}
{"level":"info","message":"Server is up and running on port 5000","timestamp":"2019-10-08T22:03:18.504Z"}
{"level":"info","message":"Connection to database established","timestamp":"2019-10-08T22:03:18.544Z"}
{"level":"info","message":"Server is up and running on port 5000","timestamp":"2019-10-08T22:03:20.257Z"}
{"level":"info","message":"Connection to database established","timestamp":"2019-10-08T22:03:20.302Z"}
{"level":"info","message":"Server is up and running on port 5000","timestamp":"2019-10-08T22:03:22.240Z"}
{"level":"info","message":"Connection to database established","timestamp":"2019-10-08T22:03:22.280Z"}
{"level":"info","message":"Server is up and running on port 5000","timestamp":"2019-10-08T22:03:26.839Z"}
{"level":"info","message":"Connection to database established","timestamp":"2019-10-08T22:03:26.880Z"}
{"level":"info","message":"Server is up and running on port 5000","timestamp":"2019-10-08T22:03:28.498Z"}
{"level":"info","message":"Connection to database established","timestamp":"2019-10-08T22:03:28.536Z"}
{"level":"info","message":"Server is up and running on port 5000","timestamp":"2019-10-08T22:03:35.744Z"}
{"level":"info","message":"Connection to database established","timestamp":"2019-10-08T22:03:35.778Z"}
{"level":"info","message":"Server is up and running on port 5000","timestamp":"2019-10-08T22:03:39.553Z"}
{"level":"info","message":"Connection to database established","timestamp":"2019-10-08T22:03:39.590Z"}
{"level":"info","message":"Server is up and running on port 5000","timestamp":"2019-10-08T22:03:44.706Z"}
{"level":"info","message":"Connection to database established","timestamp":"2019-10-08T22:03:44.745Z"}
{"level":"info","message":"Server is up and running on port 5000","timestamp":"2019-10-08T22:03:46.417Z"}
{"level":"info","message":"Connection to database established","timestamp":"2019-10-08T22:03:46.453Z"}
{"level":"info","message":"Server is up and running on port 5000","timestamp":"2019-10-08T22:03:51.207Z"}
{"level":"info","message":"Connection to database established","timestamp":"2019-10-08T22:03:51.240Z"}
{"level":"info","message":"Server is up and running on port 5000","timestamp":"2019-10-08T22:03:52.682Z"}
{"level":"info","message":"Connection to database established","timestamp":"2019-10-08T22:03:52.717Z"}
{"level":"info","message":"Server is up and running on port 5000","timestamp":"2019-10-08T22:04:06.413Z"}
{"level":"info","message":"Connection to database established","timestamp":"2019-10-08T22:04:06.455Z"}
{"level":"info","message":"Server is up and running on port 5000","timestamp":"2019-10-08T22:04:25.822Z"}
{"level":"info","message":"Connection to database established","timestamp":"2019-10-08T22:04:25.861Z"}
{"level":"info","message":"Server is up and running on port 5000","timestamp":"2019-10-08T22:04:32.278Z"}
{"level":"info","message":"Connection to database established","timestamp":"2019-10-08T22:04:32.328Z"}
{"level":"info","message":"Server is up and running on port 5000","timestamp":"2019-10-08T22:13:31.891Z"}
{"level":"info","message":"Connection to database established","timestamp":"2019-10-08T22:13:31.930Z"}
{"level":"info","message":"Server is up and running on port 5000","timestamp":"2019-10-08T22:14:07.846Z"}
{"level":"info","message":"Connection to database established","timestamp":"2019-10-08T22:14:07.873Z"}
{"level":"info","message":"Server is up and running on port 5000","timestamp":"2019-10-08T22:14:47.375Z"}
{"level":"info","message":"Connection to database established","timestamp":"2019-10-08T22:14:47.971Z"}
{"level":"info","message":"Server is up and running on port 5000","timestamp":"2019-10-08T22:15:46.786Z"}
{"level":"info","message":"Connection to database established","timestamp":"2019-10-08T22:15:46.814Z"}
{"level":"info","message":"Server is up and running on port 5000","timestamp":"2019-10-08T22:15:48.222Z"}
{"level":"info","message":"Connection to database established","timestamp":"2019-10-08T22:15:48.251Z"}
{"level":"info","message":"Server is up and running on port 5000","timestamp":"2019-10-08T22:15:51.677Z"}
{"level":"info","message":"Connection to database established","timestamp":"2019-10-08T22:15:51.711Z"}
{"level":"info","message":"Server is up and running on port 5000","timestamp":"2019-10-08T22:15:52.883Z"}
{"level":"info","message":"Connection to database established","timestamp":"2019-10-08T22:15:52.915Z"}
{"level":"info","message":"Server is up and running on port 5000","timestamp":"2019-10-08T22:15:54.242Z"}
{"level":"info","message":"Connection to database established","timestamp":"2019-10-08T22:15:54.275Z"}
{"level":"info","message":"Server is up and running on port 5000","timestamp":"2019-10-08T22:15:58.170Z"}
{"level":"info","message":"Connection to database established","timestamp":"2019-10-08T22:15:58.197Z"}
{"level":"info","message":"Server is up and running on port 5000","timestamp":"2019-10-08T22:16:04.983Z"}
{"level":"info","message":"Connection to database established","timestamp":"2019-10-08T22:16:05.011Z"}
{"level":"info","message":"Server is up and running on port 5000","timestamp":"2019-10-08T22:16:08.997Z"}
{"level":"info","message":"Connection to database established","timestamp":"2019-10-08T22:16:09.030Z"}
{"level":"info","message":"Server is up and running on port 5000","timestamp":"2019-10-08T22:16:12.061Z"}
{"level":"info","message":"Connection to database established","timestamp":"2019-10-08T22:16:12.088Z"}
{"level":"info","message":"Server is up and running on port 5000","timestamp":"2019-10-08T22:16:24.396Z"}
{"level":"info","message":"Connection to database established","timestamp":"2019-10-08T22:16:24.430Z"}
{"level":"info","message":"Server is up and running on port 5000","timestamp":"2019-10-08T22:16:41.127Z"}
{"level":"info","message":"Connection to database established","timestamp":"2019-10-08T22:16:41.161Z"}
{"level":"info","message":"Server is up and running on port 5000","timestamp":"2019-10-08T22:16:52.330Z"}
{"level":"info","message":"Connection to database established","timestamp":"2019-10-08T22:16:53.457Z"}
{"level":"info","message":"Server is up and running on port 5000","timestamp":"2019-10-08T22:17:19.724Z"}
{"level":"info","message":"Connection to database established","timestamp":"2019-10-08T22:17:19.842Z"}
{"level":"info","message":"Server is up and running on port 5000","timestamp":"2019-10-08T22:18:35.714Z"}
{"level":"info","message":"Connection to database established","timestamp":"2019-10-08T22:18:37.095Z"}
{"level":"info","message":"Server is up and running on port 5000","timestamp":"2019-10-08T22:19:38.165Z"}
{"level":"info","message":"Connection to database established","timestamp":"2019-10-08T22:19:38.192Z"}
{"level":"info","message":"Server is up and running on port 5000","timestamp":"2019-10-08T22:22:07.023Z"}
{"level":"info","message":"Connection to database established","timestamp":"2019-10-08T22:22:07.057Z"}
{"level":"info","message":"Server is up and running on port 5000","timestamp":"2019-10-08T22:22:10.439Z"}
{"level":"info","message":"Connection to database established","timestamp":"2019-10-08T22:22:10.465Z"}
{"level":"info","message":"Server is up and running on port 5000","timestamp":"2019-10-08T22:22:11.698Z"}
{"level":"info","message":"Connection to database established","timestamp":"2019-10-08T22:22:11.724Z"}
{"level":"info","message":"Server is up and running on port 5000","timestamp":"2019-10-08T22:22:14.952Z"}
{"level":"info","message":"Connection to database established","timestamp":"2019-10-08T22:22:14.985Z"}
{"level":"info","message":"Server is up and running on port 5000","timestamp":"2019-10-08T22:22:23.863Z"}
{"level":"info","message":"Connection to database established","timestamp":"2019-10-08T22:22:23.903Z"}
{"level":"info","message":"Server is up and running on port 5000","timestamp":"2019-10-08T22:22:25.655Z"}
{"level":"info","message":"Connection to database established","timestamp":"2019-10-08T22:22:25.691Z"}
{"level":"info","message":"Server is up and running on port 5000","timestamp":"2019-10-08T22:22:27.184Z"}
{"level":"info","message":"Connection to database established","timestamp":"2019-10-08T22:22:27.222Z"}
{"level":"info","message":"Server is up and running on port 5000","timestamp":"2019-10-08T22:22:31.234Z"}
{"level":"info","message":"Connection to database established","timestamp":"2019-10-08T22:22:31.268Z"}
{"level":"info","message":"Server is up and running on port 5000","timestamp":"2019-10-08T22:22:35.783Z"}
{"level":"info","message":"Connection to database established","timestamp":"2019-10-08T22:22:35.817Z"}
{"level":"info","message":"Server is up and running on port 5000","timestamp":"2019-10-08T22:22:37.671Z"}
{"level":"info","message":"Connection to database established","timestamp":"2019-10-08T22:22:37.716Z"}
{"level":"info","message":"Server is up and running on port 5000","timestamp":"2019-10-08T22:22:40.788Z"}
{"level":"info","message":"Connection to database established","timestamp":"2019-10-08T22:22:40.821Z"}
{"level":"info","message":"Server is up and running on port 5000","timestamp":"2019-10-08T22:22:42.121Z"}
{"level":"info","message":"Connection to database established","timestamp":"2019-10-08T22:22:42.143Z"}
{"level":"info","message":"Server is up and running on port 5000","timestamp":"2019-10-08T22:27:35.324Z"}
{"level":"info","message":"Connection to database established","timestamp":"2019-10-08T22:27:35.366Z"}
{"level":"info","message":"Server is up and running on port 5000","timestamp":"2019-10-08T22:32:07.363Z"}
{"level":"info","message":"Server is up and running on port 5000","timestamp":"2019-10-08T22:32:40.903Z"}
{"level":"info","message":"Connection to database established","timestamp":"2019-10-08T22:32:41.325Z"}
{"level":"info","message":"Server is up and running on port 5000","timestamp":"2019-10-08T22:33:00.691Z"}
{"level":"info","message":"Connection to database established","timestamp":"2019-10-08T22:33:01.556Z"}
{"level":"info","message":"Server is up and running on port 5000","timestamp":"2019-10-08T22:50:15.342Z"}
{"level":"info","message":"Connection to database established","timestamp":"2019-10-08T22:50:16.597Z"}
{"level":"info","message":"Server is up and running on port 5000","timestamp":"2019-10-08T22:51:37.608Z"}
{"level":"info","message":"Connection to database established","timestamp":"2019-10-08T22:51:37.642Z"}
{"level":"info","message":"Server is up and running on port 5000","timestamp":"2019-10-08T22:51:39.892Z"}
{"level":"info","message":"Connection to database established","timestamp":"2019-10-08T22:51:39.926Z"}
{"level":"info","message":"Server is up and running on port 5000","timestamp":"2019-10-08T22:51:42.693Z"}
{"level":"info","message":"Connection to database established","timestamp":"2019-10-08T22:51:42.722Z"}
{"level":"info","message":"Server is up and running on port 5000","timestamp":"2019-10-08T22:51:46.212Z"}
{"level":"info","message":"Connection to database established","timestamp":"2019-10-08T22:51:46.252Z"}
{"level":"info","message":"Server is up and running on port 5000","timestamp":"2019-10-08T22:51:54.457Z"}
{"level":"info","message":"Connection to database established","timestamp":"2019-10-08T22:51:54.495Z"}
{"level":"info","message":"Server is up and running on port 5000","timestamp":"2019-10-08T22:51:56.342Z"}
{"level":"info","message":"Connection to database established","timestamp":"2019-10-08T22:51:56.389Z"}
{"level":"info","message":"Server is up and running on port 5000","timestamp":"2019-10-08T22:54:47.823Z"}
{"level":"info","message":"Connection to database established","timestamp":"2019-10-08T22:54:47.850Z"}
{"level":"info","message":"Server is up and running on port 5000","timestamp":"2019-10-08T22:54:49.840Z"}
{"level":"info","message":"Connection to database established","timestamp":"2019-10-08T22:54:49.883Z"}
{"level":"info","message":"Server is up and running on port 5000","timestamp":"2019-10-08T22:54:56.481Z"}
{"level":"info","message":"Connection to database established","timestamp":"2019-10-08T22:54:56.509Z"}
{"level":"info","message":"Server is up and running on port 5000","timestamp":"2019-10-08T22:55:12.892Z"}
{"level":"info","message":"Connection to database established","timestamp":"2019-10-08T22:55:13.684Z"}
{"level":"info","message":"Server is up and running on port 5000","timestamp":"2019-10-08T22:55:20.139Z"}
{"level":"info","message":"Connection to database established","timestamp":"2019-10-08T22:55:20.170Z"}
{"level":"info","message":"Server is up and running on port 5000","timestamp":"2019-10-08T22:55:26.036Z"}
{"level":"info","message":"Connection to database established","timestamp":"2019-10-08T22:55:26.075Z"}
{"level":"info","message":"Server is up and running on port 5000","timestamp":"2019-10-08T22:55:31.415Z"}
{"level":"info","message":"Connection to database established","timestamp":"2019-10-08T22:55:31.451Z"}
{"level":"info","message":"Server is up and running on port 5000","timestamp":"2019-10-08T22:55:41.219Z"}
{"level":"info","message":"Connection to database established","timestamp":"2019-10-08T22:55:41.252Z"}
{"level":"info","message":"Server is up and running on port 5000","timestamp":"2019-10-08T22:55:48.230Z"}
{"level":"info","message":"Connection to database established","timestamp":"2019-10-08T22:55:48.271Z"}
{"level":"info","message":"Server is up and running on port 5000","timestamp":"2019-10-08T22:55:55.163Z"}
{"level":"info","message":"Connection to database established","timestamp":"2019-10-08T22:55:55.193Z"}
{"level":"info","message":"Server is up and running on port 5000","timestamp":"2019-10-08T22:55:59.534Z"}
{"level":"info","message":"Connection to database established","timestamp":"2019-10-08T22:55:59.560Z"}
{"level":"info","message":"Server is up and running on port 5000","timestamp":"2019-10-08T22:56:04.888Z"}
{"level":"info","message":"Connection to database established","timestamp":"2019-10-08T22:56:04.925Z"}
{"level":"info","message":"Server is up and running on port 5000","timestamp":"2019-10-08T22:56:12.276Z"}
{"level":"info","message":"Connection to database established","timestamp":"2019-10-08T22:56:12.306Z"}
{"level":"info","message":"Server is up and running on port 5000","timestamp":"2019-10-08T22:56:18.464Z"}
{"level":"info","message":"Connection to database established","timestamp":"2019-10-08T22:56:18.516Z"}
{"level":"info","message":"Server is up and running on port 5000","timestamp":"2019-10-08T22:56:23.298Z"}
{"level":"info","message":"Connection to database established","timestamp":"2019-10-08T22:56:23.322Z"}
{"level":"info","message":"Server is up and running on port 5000","timestamp":"2019-10-08T22:56:29.118Z"}
{"level":"info","message":"Connection to database established","timestamp":"2019-10-08T22:56:29.159Z"}
{"level":"info","message":"Server is up and running on port 5000","timestamp":"2019-10-08T22:56:36.287Z"}
{"level":"info","message":"Connection to database established","timestamp":"2019-10-08T22:56:36.319Z"}
{"level":"info","message":"Server is up and running on port 5000","timestamp":"2019-10-08T22:56:38.454Z"}
{"level":"info","message":"Connection to database established","timestamp":"2019-10-08T22:56:38.489Z"}
{"level":"info","message":"Server is up and running on port 5000","timestamp":"2019-10-08T22:56:48.649Z"}
{"level":"info","message":"Connection to database established","timestamp":"2019-10-08T22:56:48.683Z"}
{"level":"info","message":"Server is up and running on port 5000","timestamp":"2019-10-08T22:56:53.027Z"}
{"level":"info","message":"Connection to database established","timestamp":"2019-10-08T22:56:53.053Z"}
{"level":"info","message":"Server is up and running on port 5000","timestamp":"2019-10-08T22:56:54.407Z"}
{"level":"info","message":"Connection to database established","timestamp":"2019-10-08T22:56:54.440Z"}
{"level":"info","message":"Server is up and running on port 5000","timestamp":"2019-10-08T22:56:57.412Z"}
{"level":"info","message":"Connection to database established","timestamp":"2019-10-08T22:56:57.440Z"}
{"level":"info","message":"Server is up and running on port 5000","timestamp":"2019-10-08T22:56:59.461Z"}
{"level":"info","message":"Connection to database established","timestamp":"2019-10-08T22:56:59.490Z"}
{"level":"info","message":"Server is up and running on port 5000","timestamp":"2019-10-08T22:57:05.807Z"}
{"level":"info","message":"Connection to database established","timestamp":"2019-10-08T22:57:05.836Z"}
{"level":"info","message":"Server is up and running on port 5000","timestamp":"2019-10-08T22:57:08.592Z"}
{"level":"info","message":"Connection to database established","timestamp":"2019-10-08T22:57:08.621Z"}
{"level":"info","message":"Server is up and running on port 5000","timestamp":"2019-10-08T22:57:16.423Z"}
{"level":"info","message":"Connection to database established","timestamp":"2019-10-08T22:57:16.454Z"}
{"level":"info","message":"Server is up and running on port 5000","timestamp":"2019-10-08T22:57:20.906Z"}
{"level":"info","message":"Connection to database established","timestamp":"2019-10-08T22:57:20.937Z"}
{"level":"info","message":"Server is up and running on port 5000","timestamp":"2019-10-08T22:58:05.255Z"}
{"level":"info","message":"Connection to database established","timestamp":"2019-10-08T22:58:05.291Z"}
{"level":"info","message":"Server is up and running on port 5000","timestamp":"2019-10-08T22:58:11.655Z"}
{"level":"info","message":"Connection to database established","timestamp":"2019-10-08T22:58:11.691Z"}
{"level":"info","message":"Server is up and running on port 5000","timestamp":"2019-10-08T22:58:13.228Z"}
{"level":"info","message":"Connection to database established","timestamp":"2019-10-08T22:58:13.259Z"}
{"level":"info","message":"Server is up and running on port 5000","timestamp":"2019-10-08T22:58:19.470Z"}
{"level":"info","message":"Connection to database established","timestamp":"2019-10-08T22:58:19.502Z"}
{"level":"info","message":"Server is up and running on port 5000","timestamp":"2019-10-08T22:58:21.899Z"}
{"level":"info","message":"Connection to database established","timestamp":"2019-10-08T22:58:21.932Z"}
{"level":"info","message":"Server is up and running on port 5000","timestamp":"2019-10-08T22:58:25.088Z"}
{"level":"info","message":"Connection to database established","timestamp":"2019-10-08T22:58:25.125Z"}
{"level":"info","message":"Server is up and running on port 5000","timestamp":"2019-10-08T22:58:28.429Z"}
{"level":"info","message":"Connection to database established","timestamp":"2019-10-08T22:58:28.460Z"}
{"level":"info","message":"Server is up and running on port 5000","timestamp":"2019-10-08T22:58:32.596Z"}
{"level":"info","message":"Connection to database established","timestamp":"2019-10-08T22:58:32.632Z"}
{"level":"info","message":"Server is up and running on port 5000","timestamp":"2019-10-08T22:58:36.099Z"}
{"level":"info","message":"Connection to database established","timestamp":"2019-10-08T22:58:36.133Z"}
{"level":"info","message":"Server is up and running on port 5000","timestamp":"2019-10-08T22:58:47.271Z"}
{"level":"info","message":"Connection to database established","timestamp":"2019-10-08T22:58:48.103Z"}
{"level":"info","message":"Server is up and running on port 5000","timestamp":"2019-10-08T22:59:12.625Z"}
{"level":"info","message":"Connection to database established","timestamp":"2019-10-08T22:59:12.803Z"}
{"level":"info","message":"Server is up and running on port 5000","timestamp":"2019-10-08T22:59:14.797Z"}
{"level":"info","message":"Server is up and running on port 5000","timestamp":"2019-10-08T22:59:17.310Z"}
{"level":"info","message":"Connection to database established","timestamp":"2019-10-08T22:59:17.343Z"}
{"level":"info","message":"Server is up and running on port 5000","timestamp":"2019-10-08T22:59:19.413Z"}
{"level":"info","message":"Connection to database established","timestamp":"2019-10-08T22:59:19.443Z"}
{"level":"info","message":"Server is up and running on port 5000","timestamp":"2019-10-08T22:59:24.139Z"}
{"level":"info","message":"Connection to database established","timestamp":"2019-10-08T22:59:24.172Z"}
{"level":"info","message":"Server is up and running on port 5000","timestamp":"2019-10-08T22:59:26.170Z"}
{"level":"info","message":"Connection to database established","timestamp":"2019-10-08T22:59:26.207Z"}
{"level":"info","message":"Server is up and running on port 5000","timestamp":"2019-10-08T22:59:38.445Z"}
{"level":"info","message":"Connection to database established","timestamp":"2019-10-08T22:59:38.490Z"}
{"level":"info","message":"Server is up and running on port 5000","timestamp":"2019-10-08T22:59:43.707Z"}
{"level":"info","message":"Connection to database established","timestamp":"2019-10-08T22:59:43.744Z"}
{"level":"info","message":"Server is up and running on port 5000","timestamp":"2019-10-08T22:59:44.908Z"}
{"level":"info","message":"Connection to database established","timestamp":"2019-10-08T22:59:44.948Z"}
{"level":"info","message":"Server is up and running on port 5000","timestamp":"2019-10-08T22:59:52.023Z"}
{"level":"info","message":"Connection to database established","timestamp":"2019-10-08T22:59:52.054Z"}
{"level":"info","message":"Server is up and running on port 5000","timestamp":"2019-10-08T22:59:58.136Z"}
{"level":"info","message":"Connection to database established","timestamp":"2019-10-08T22:59:58.170Z"}
{"level":"info","message":"Server is up and running on port 5000","timestamp":"2019-10-08T23:00:04.993Z"}
{"level":"info","message":"Connection to database established","timestamp":"2019-10-08T23:00:05.026Z"}
{"level":"info","message":"Server is up and running on port 5000","timestamp":"2019-10-08T23:00:11.582Z"}
{"level":"info","message":"Connection to database established","timestamp":"2019-10-08T23:00:11.613Z"}
{"level":"info","message":"Server is up and running on port 5000","timestamp":"2019-10-08T23:00:16.031Z"}
{"level":"info","message":"Connection to database established","timestamp":"2019-10-08T23:00:16.063Z"}
{"level":"info","message":"Server is up and running on port 5000","timestamp":"2019-10-08T23:00:18.166Z"}
{"level":"info","message":"Connection to database established","timestamp":"2019-10-08T23:00:18.204Z"}
{"level":"info","message":"Server is up and running on port 5000","timestamp":"2019-10-08T23:00:20.105Z"}
{"level":"info","message":"Connection to database established","timestamp":"2019-10-08T23:00:20.141Z"}
{"level":"info","message":"Server is up and running on port 5000","timestamp":"2019-10-08T23:00:26.109Z"}
{"level":"info","message":"Connection to database established","timestamp":"2019-10-08T23:00:26.139Z"}
{"level":"info","message":"Server is up and running on port 5000","timestamp":"2019-10-08T23:00:27.518Z"}
{"level":"info","message":"Connection to database established","timestamp":"2019-10-08T23:00:27.548Z"}
{"level":"info","message":"Server is up and running on port 5000","timestamp":"2019-10-08T23:00:31.928Z"}
{"level":"info","message":"Connection to database established","timestamp":"2019-10-08T23:00:31.953Z"}
{"level":"info","message":"Server is up and running on port 5000","timestamp":"2019-10-08T23:00:35.584Z"}
{"level":"info","message":"Connection to database established","timestamp":"2019-10-08T23:00:35.615Z"}
{"level":"info","message":"Server is up and running on port 5000","timestamp":"2019-10-08T23:00:37.073Z"}
{"level":"info","message":"Connection to database established","timestamp":"2019-10-08T23:00:37.104Z"}
{"level":"info","message":"Server is up and running on port 5000","timestamp":"2019-10-08T23:00:38.404Z"}
{"level":"info","message":"Connection to database established","timestamp":"2019-10-08T23:00:38.434Z"}
{"level":"info","message":"Server is up and running on port 5000","timestamp":"2019-10-08T23:00:42.321Z"}
{"level":"info","message":"Connection to database established","timestamp":"2019-10-08T23:00:42.353Z"}
{"level":"info","message":"Server is up and running on port 5000","timestamp":"2019-10-08T23:00:50.265Z"}
{"level":"info","message":"Connection to database established","timestamp":"2019-10-08T23:00:50.304Z"}
{"level":"info","message":"Server is up and running on port 5000","timestamp":"2019-10-08T23:00:52.898Z"}
{"level":"info","message":"Connection to database established","timestamp":"2019-10-08T23:00:52.930Z"}
{"level":"info","message":"Server is up and running on port 5000","timestamp":"2019-10-08T23:00:54.537Z"}
{"level":"info","message":"Connection to database established","timestamp":"2019-10-08T23:00:54.573Z"}
{"level":"info","message":"Server is up and running on port 5000","timestamp":"2019-10-08T23:00:58.510Z"}
{"level":"info","message":"Connection to database established","timestamp":"2019-10-08T23:00:58.540Z"}
{"level":"info","message":"Server is up and running on port 5000","timestamp":"2019-10-08T23:01:05.312Z"}
{"level":"info","message":"Connection to database established","timestamp":"2019-10-08T23:01:05.345Z"}
{"level":"info","message":"Server is up and running on port 5000","timestamp":"2019-10-08T23:01:10.805Z"}
{"level":"info","message":"Connection to database established","timestamp":"2019-10-08T23:01:10.839Z"}
{"level":"info","message":"Server is up and running on port 5000","timestamp":"2019-10-08T23:01:17.925Z"}
{"level":"info","message":"Connection to database established","timestamp":"2019-10-08T23:01:17.962Z"}
{"level":"info","message":"Server is up and running on port 5000","timestamp":"2019-10-08T23:03:23.814Z"}
{"level":"info","message":"Connection to database established","timestamp":"2019-10-08T23:03:24.280Z"}
{"level":"info","message":"Server is up and running on port 5000","timestamp":"2019-10-09T04:11:28.049Z"}
{"level":"error","message":"Failed to connect to db. connect ECONNREFUSED 127.0.0.1:27017","timestamp":"2019-10-09T04:11:28.062Z"}
{"level":"info","message":"Server is up and running on port 5000","timestamp":"2019-10-09T04:13:09.244Z"}
{"level":"error","message":"Failed to connect to db. connect ECONNREFUSED 127.0.0.1:27017","timestamp":"2019-10-09T04:13:09.738Z"}
{"level":"info","message":"Server is up and running on port 5000","timestamp":"2019-10-09T04:16:18.095Z"}
{"level":"info","message":"Connection to database established","timestamp":"2019-10-09T04:16:18.145Z"}
{"level":"info","message":"Server is up and running on port 5000","timestamp":"2019-10-09T04:17:28.319Z"}
{"level":"info","message":"Connection to database established","timestamp":"2019-10-09T04:17:28.863Z"}
{"level":"info","message":"Server is up and running on port 5000","timestamp":"2019-10-09T04:17:37.968Z"}
{"level":"info","message":"Connection to database established","timestamp":"2019-10-09T04:17:38.013Z"}
{"level":"info","message":"Server is up and running on port 5000","timestamp":"2019-10-09T04:18:14.501Z"}
{"level":"info","message":"Connection to database established","timestamp":"2019-10-09T04:18:14.531Z"}
